[debug] [2020-09-26T13:05:11.501Z] ----------------------------------------------------------------------
[debug] [2020-09-26T13:05:11.503Z] Command:       /home/anjali/.nvm/versions/node/v12.16.0/bin/node /home/anjali/.nvm/versions/node/v12.16.0/bin/firebase deploy
[debug] [2020-09-26T13:05:11.504Z] CLI Version:   8.11.1
[debug] [2020-09-26T13:05:11.504Z] Platform:      linux
[debug] [2020-09-26T13:05:11.504Z] Node Version:  v12.16.0
[debug] [2020-09-26T13:05:11.504Z] Time:          Sat Sep 26 2020 18:35:11 GMT+0530 (India Standard Time)
[debug] [2020-09-26T13:05:11.504Z] ----------------------------------------------------------------------
[debug] [2020-09-26T13:05:11.505Z] 
[debug] [2020-09-26T13:05:11.511Z] > command requires scopes: ["email","openid","https://www.googleapis.com/auth/cloudplatformprojects.readonly","https://www.googleapis.com/auth/firebase","https://www.googleapis.com/auth/cloud-platform"]
[debug] [2020-09-26T13:05:11.511Z] > authorizing via signed-in user
[debug] [2020-09-26T13:05:11.511Z] [iam] checking project clone-amaze for permissions ["cloudfunctions.functions.create","cloudfunctions.functions.delete","cloudfunctions.functions.get","cloudfunctions.functions.list","cloudfunctions.functions.update","cloudfunctions.operations.get","firebase.projects.get","firebasehosting.sites.update"]
[debug] [2020-09-26T13:05:11.514Z] >>> HTTP REQUEST POST https://cloudresourcemanager.googleapis.com/v1/projects/clone-amaze:testIamPermissions  
 {"permissions":["cloudfunctions.functions.create","cloudfunctions.functions.delete","cloudfunctions.functions.get","cloudfunctions.functions.list","cloudfunctions.functions.update","cloudfunctions.operations.get","firebase.projects.get","firebasehosting.sites.update"]}
[debug] [2020-09-26T13:05:13.559Z] <<< HTTP RESPONSE 200 {"content-type":"application/json; charset=UTF-8","vary":"X-Origin, Referer, Origin,Accept-Encoding","date":"Sat, 26 Sep 2020 13:05:13 GMT","server":"ESF","cache-control":"private","x-xss-protection":"0","x-frame-options":"SAMEORIGIN","x-content-type-options":"nosniff","server-timing":"gfet4t7; dur=1342","alt-svc":"h3-Q050=\":443\"; ma=2592000,h3-29=\":443\"; ma=2592000,h3-27=\":443\"; ma=2592000,h3-T051=\":443\"; ma=2592000,h3-T050=\":443\"; ma=2592000,h3-Q046=\":443\"; ma=2592000,h3-Q043=\":443\"; ma=2592000,quic=\":443\"; ma=2592000; v=\"46,43\"","accept-ranges":"none","transfer-encoding":"chunked"}
[debug] [2020-09-26T13:05:13.567Z] >>> HTTP REQUEST POST https://iam.googleapis.com/v1/projects/clone-amaze/serviceAccounts/clone-amaze@appspot.gserviceaccount.com:testIamPermissions  
 {"permissions":["iam.serviceAccounts.actAs"]}
[debug] [2020-09-26T13:05:16.157Z] <<< HTTP RESPONSE 200 {"content-type":"application/json; charset=UTF-8","vary":"X-Origin, Referer, Origin,Accept-Encoding","date":"Sat, 26 Sep 2020 13:05:15 GMT","server":"ESF","cache-control":"private","x-xss-protection":"0","x-frame-options":"SAMEORIGIN","x-content-type-options":"nosniff","alt-svc":"h3-Q050=\":443\"; ma=2592000,h3-29=\":443\"; ma=2592000,h3-27=\":443\"; ma=2592000,h3-T051=\":443\"; ma=2592000,h3-T050=\":443\"; ma=2592000,h3-Q046=\":443\"; ma=2592000,h3-Q043=\":443\"; ma=2592000,quic=\":443\"; ma=2592000; v=\"46,43\"","accept-ranges":"none","transfer-encoding":"chunked"}
[debug] [2020-09-26T13:05:16.163Z] >>> HTTP REQUEST GET https://firebase.googleapis.com/v1beta1/projects/clone-amaze  
 
[debug] [2020-09-26T13:05:16.824Z] <<< HTTP RESPONSE 200 {"content-type":"application/json; charset=UTF-8","vary":"X-Origin, Referer, Origin,Accept-Encoding","date":"Sat, 26 Sep 2020 13:05:16 GMT","server":"ESF","cache-control":"private","x-xss-protection":"0","x-frame-options":"SAMEORIGIN","x-content-type-options":"nosniff","alt-svc":"h3-Q050=\":443\"; ma=2592000,h3-29=\":443\"; ma=2592000,h3-27=\":443\"; ma=2592000,h3-T051=\":443\"; ma=2592000,h3-T050=\":443\"; ma=2592000,h3-Q046=\":443\"; ma=2592000,h3-Q043=\":443\"; ma=2592000,quic=\":443\"; ma=2592000; v=\"46,43\"","accept-ranges":"none","transfer-encoding":"chunked"}
[info] 
[info] === Deploying to 'clone-amaze'...
[info] 
[info] i  deploying functions, hosting 
[info] Running command: npm --prefix "$RESOURCE_DIR" run lint
[info] ✔  functions: Finished running predeploy script. 
[debug] [2020-09-26T13:05:28.443Z] > [functions] package.json contents: {
  "name": "functions",
  "description": "Cloud Functions for Firebase",
  "scripts": {
    "lint": "eslint .",
    "serve": "firebase emulators:start --only functions",
    "shell": "firebase functions:shell",
    "start": "npm run shell",
    "deploy": "firebase deploy --only functions",
    "logs": "firebase functions:log"
  },
  "engines": {
    "node": "8"
  },
  "dependencies": {
    "express": "^4.17.1",
    "firebase-admin": "^8.10.0",
    "firebase-functions": "^3.6.1"
  },
  "devDependencies": {
    "eslint": "^5.12.0",
    "eslint-plugin-promise": "^4.0.1",
    "firebase-functions-test": "^0.2.0"
  },
  "private": true
}
[info] i  functions: ensuring required API cloudfunctions.googleapis.com is enabled... 
[warn] 
[warn] ⚠  functions: The Node.js 8 runtime is deprecated and will be decommissioned on 2021-03-15. For more information, see: https://firebase.google.com/support/faq#functions-runtime 
[warn] 
[debug] [2020-09-26T13:05:29.767Z] >>> HTTP REQUEST GET https://serviceusage.googleapis.com/v1/projects/clone-amaze/services/cloudfunctions.googleapis.com  
 
[debug] [2020-09-26T13:05:29.768Z] >>> HTTP REQUEST GET https://serviceusage.googleapis.com/v1/projects/clone-amaze/services/runtimeconfig.googleapis.com  
 
[debug] [2020-09-26T13:05:32.527Z] <<< HTTP RESPONSE 200 {"content-type":"application/json; charset=UTF-8","vary":"X-Origin, Referer, Origin,Accept-Encoding","date":"Sat, 26 Sep 2020 13:05:32 GMT","server":"ESF","cache-control":"private","x-xss-protection":"0","x-frame-options":"SAMEORIGIN","x-content-type-options":"nosniff","alt-svc":"h3-Q050=\":443\"; ma=2592000,h3-29=\":443\"; ma=2592000,h3-27=\":443\"; ma=2592000,h3-T051=\":443\"; ma=2592000,h3-T050=\":443\"; ma=2592000,h3-Q046=\":443\"; ma=2592000,h3-Q043=\":443\"; ma=2592000,quic=\":443\"; ma=2592000; v=\"46,43\"","accept-ranges":"none","transfer-encoding":"chunked"}
[debug] [2020-09-26T13:05:33.003Z] <<< HTTP RESPONSE 200 {"content-type":"application/json; charset=UTF-8","vary":"X-Origin, Referer, Origin,Accept-Encoding","date":"Sat, 26 Sep 2020 13:05:32 GMT","server":"ESF","cache-control":"private","x-xss-protection":"0","x-frame-options":"SAMEORIGIN","x-content-type-options":"nosniff","alt-svc":"h3-Q050=\":443\"; ma=2592000,h3-29=\":443\"; ma=2592000,h3-27=\":443\"; ma=2592000,h3-T051=\":443\"; ma=2592000,h3-T050=\":443\"; ma=2592000,h3-Q046=\":443\"; ma=2592000,h3-Q043=\":443\"; ma=2592000,quic=\":443\"; ma=2592000; v=\"46,43\"","accept-ranges":"none","transfer-encoding":"chunked"}
[info] ✔  functions: required API cloudfunctions.googleapis.com is enabled 
[debug] [2020-09-26T13:05:33.009Z] >>> HTTP REQUEST GET https://firebase.googleapis.com/v1beta1/projects/clone-amaze/adminSdkConfig  
 
[debug] [2020-09-26T13:05:33.950Z] <<< HTTP RESPONSE 200 {"content-type":"application/json; charset=UTF-8","vary":"X-Origin, Referer, Origin,Accept-Encoding","date":"Sat, 26 Sep 2020 13:05:34 GMT","server":"ESF","cache-control":"private","x-xss-protection":"0","x-frame-options":"SAMEORIGIN","x-content-type-options":"nosniff","alt-svc":"h3-Q050=\":443\"; ma=2592000,h3-29=\":443\"; ma=2592000,h3-27=\":443\"; ma=2592000,h3-T051=\":443\"; ma=2592000,h3-T050=\":443\"; ma=2592000,h3-Q046=\":443\"; ma=2592000,h3-Q043=\":443\"; ma=2592000,quic=\":443\"; ma=2592000; v=\"46,43\"","accept-ranges":"none","transfer-encoding":"chunked"}
[debug] [2020-09-26T13:05:33.958Z] >>> HTTP REQUEST POST https://firebasehosting.googleapis.com/v1beta1/sites/clone-amaze/versions  
 {"config":{"rewrites":[{"glob":"**","path":"/index.html"}]},"labels":{"deployment-tool":"cli-firebase"}}
[debug] [2020-09-26T13:05:36.450Z] <<< HTTP RESPONSE 200 {"content-type":"application/json; charset=UTF-8","vary":"X-Origin, Referer, Origin,Accept-Encoding","date":"Sat, 26 Sep 2020 13:05:36 GMT","server":"ESF","cache-control":"private","x-xss-protection":"0","x-frame-options":"SAMEORIGIN","x-content-type-options":"nosniff","alt-svc":"h3-Q050=\":443\"; ma=2592000,h3-29=\":443\"; ma=2592000,h3-27=\":443\"; ma=2592000,h3-T051=\":443\"; ma=2592000,h3-T050=\":443\"; ma=2592000,h3-Q046=\":443\"; ma=2592000,h3-Q043=\":443\"; ma=2592000,quic=\":443\"; ma=2592000; v=\"46,43\"","accept-ranges":"none","transfer-encoding":"chunked"}
[info] i  functions: preparing functions directory for uploading... 
[debug] [2020-09-26T13:05:36.459Z] >>> HTTP REQUEST GET https://runtimeconfig.googleapis.com/v1beta1/projects/clone-amaze/configs  
 
[debug] [2020-09-26T13:05:37.941Z] <<< HTTP RESPONSE 200 {"content-type":"application/json; charset=UTF-8","vary":"X-Origin, Referer, Origin,Accept-Encoding","date":"Sat, 26 Sep 2020 13:05:37 GMT","server":"ESF","cache-control":"private","x-xss-protection":"0","x-frame-options":"SAMEORIGIN","x-content-type-options":"nosniff","alt-svc":"h3-Q050=\":443\"; ma=2592000,h3-29=\":443\"; ma=2592000,h3-27=\":443\"; ma=2592000,h3-T051=\":443\"; ma=2592000,h3-T050=\":443\"; ma=2592000,h3-Q046=\":443\"; ma=2592000,h3-Q043=\":443\"; ma=2592000,quic=\":443\"; ma=2592000; v=\"46,43\"","accept-ranges":"none","transfer-encoding":"chunked"}
[info] i  functions: packaged functions (40.75 KB) for uploading 
[debug] [2020-09-26T13:05:38.219Z] >>> HTTP REQUEST GET https://cloudfunctions.googleapis.com/v1/projects/clone-amaze/locations/-/functions  
 
[debug] [2020-09-26T13:05:39.860Z] <<< HTTP RESPONSE 200 {"content-type":"application/json; charset=UTF-8","vary":"X-Origin, Referer, Origin,Accept-Encoding","date":"Sat, 26 Sep 2020 13:05:39 GMT","server":"ESF","cache-control":"private","x-xss-protection":"0","x-frame-options":"SAMEORIGIN","x-content-type-options":"nosniff","alt-svc":"h3-Q050=\":443\"; ma=2592000,h3-29=\":443\"; ma=2592000,h3-27=\":443\"; ma=2592000,h3-T051=\":443\"; ma=2592000,h3-T050=\":443\"; ma=2592000,h3-Q046=\":443\"; ma=2592000,h3-Q043=\":443\"; ma=2592000,quic=\":443\"; ma=2592000; v=\"46,43\"","accept-ranges":"none","transfer-encoding":"chunked"}
[debug] [2020-09-26T13:05:39.868Z] [functions] found 1 new HTTP functions, testing setIamPolicy permission...
[debug] [2020-09-26T13:05:39.869Z] >>> HTTP REQUEST POST https://cloudresourcemanager.googleapis.com/v1/projects/clone-amaze:testIamPermissions  
 {"permissions":["cloudfunctions.functions.setIamPolicy"]}
[debug] [2020-09-26T13:05:41.707Z] <<< HTTP RESPONSE 200 {"content-type":"application/json; charset=UTF-8","vary":"X-Origin, Referer, Origin,Accept-Encoding","date":"Sat, 26 Sep 2020 13:05:41 GMT","server":"ESF","cache-control":"private","x-xss-protection":"0","x-frame-options":"SAMEORIGIN","x-content-type-options":"nosniff","server-timing":"gfet4t7; dur=1348","alt-svc":"h3-Q050=\":443\"; ma=2592000,h3-29=\":443\"; ma=2592000,h3-27=\":443\"; ma=2592000,h3-T051=\":443\"; ma=2592000,h3-T050=\":443\"; ma=2592000,h3-Q046=\":443\"; ma=2592000,h3-Q043=\":443\"; ma=2592000,quic=\":443\"; ma=2592000; v=\"46,43\"","accept-ranges":"none","transfer-encoding":"chunked"}
[debug] [2020-09-26T13:05:41.709Z] [functions] found setIamPolicy permission, proceeding with deploy
[debug] [2020-09-26T13:05:41.717Z] >>> HTTP REQUEST POST https://cloudfunctions.googleapis.com/v1/projects/clone-amaze/locations/us-central1/functions:generateUploadUrl  
 
[debug] [2020-09-26T13:05:50.826Z] <<< HTTP RESPONSE 200 {"content-type":"application/json; charset=UTF-8","vary":"X-Origin, Referer, Origin,Accept-Encoding","date":"Sat, 26 Sep 2020 13:05:50 GMT","server":"ESF","cache-control":"private","x-xss-protection":"0","x-frame-options":"SAMEORIGIN","x-content-type-options":"nosniff","alt-svc":"h3-Q050=\":443\"; ma=2592000,h3-29=\":443\"; ma=2592000,h3-27=\":443\"; ma=2592000,h3-T051=\":443\"; ma=2592000,h3-T050=\":443\"; ma=2592000,h3-Q046=\":443\"; ma=2592000,h3-Q043=\":443\"; ma=2592000,quic=\":443\"; ma=2592000; v=\"46,43\"","accept-ranges":"none","transfer-encoding":"chunked"}
[debug] [2020-09-26T13:05:50.829Z] >>> HTTP REQUEST PUT https://storage.googleapis.com/gcf-upload-us-central1-6762fb17-8468-4b46-8d41-d5e76addfbe8/b6a52d07-4fdd-429e-a1d7-97641d3fe2f9.zip?GoogleAccessId=service-143531801921@gcf-admin-robot.iam.gserviceaccount.com&Expires=1601127350&Signature=cadN77TCGydyUg%2FcAo%2FB64t1%2FfzR2yxs7vj1tzbMCK1mXPCEoTS1T2Jb5aBTcx0ov2A1vZbYHw4CuousLzUHRIN0RIl7CgFqMsWqXL8q3PSj0%2FRRxBUFoRFVrxcYfqCjbt4M3prxTqT2ZJjnr%2FsURFgp0GxSRDn9CkRfHAtTriXIgyu48RIsa67MaCtxKkr5DDpiVy4m1XGpL0FYGyMm%2FUP8WfuXk4xFJl68oSddqI2Yn1jSHwjXFF6d2Eq5vz1j3dJ3HEy%2FMd6DPbBqKVLeRx7qYHFTDkkWnFnl8j5vcUMKYoAaTgXMEox%2Bjz%2BdKAil4%2B6PvHJrAMhiAsGyms0UOA%3D%3D  
 <request body omitted>
[debug] [2020-09-26T13:05:51.881Z] <<< HTTP RESPONSE 200 {"x-guploader-uploadid":"ABg5-UxwIohpCcvwNSKwOCMKG8xJjkxwuWeBDFgo2E6hJpe8RRlsfPdLjHV4IbFrKfkaYYIQkx1yUC8GpAkoRmJwblU","etag":"\"dc126adb3e7af31d255a81bf839e0947\"","x-goog-generation":"1601125551922589","x-goog-metageneration":"1","x-goog-hash":"crc32c=gTDhqQ==, md5=3BJq2z568x0lWoG/g54JRw==","x-goog-stored-content-length":"41724","x-goog-stored-content-encoding":"identity","vary":"Origin","content-length":"0","date":"Sat, 26 Sep 2020 13:05:52 GMT","server":"UploadServer","content-type":"text/html; charset=UTF-8","alt-svc":"h3-Q050=\":443\"; ma=2592000,h3-29=\":443\"; ma=2592000,h3-27=\":443\"; ma=2592000,h3-T051=\":443\"; ma=2592000,h3-T050=\":443\"; ma=2592000,h3-Q046=\":443\"; ma=2592000,h3-Q043=\":443\"; ma=2592000,quic=\":443\"; ma=2592000; v=\"46,43\""}
[info] ✔  functions: functions folder uploaded successfully 
[info] i  hosting[clone-amaze]: beginning deploy... 
[info] i  hosting[clone-amaze]: found 18 files in build 
[debug] [2020-09-26T13:05:51.949Z] [hosting] hash cache [YnVpbGQ] stored for 18 files
[debug] [2020-09-26T13:05:51.949Z] [hosting][hash queue][FINAL] {"max":3,"min":0,"avg":0,"active":0,"complete":18,"success":18,"errored":0,"retried":0,"total":18,"elapsed":7}
[debug] [2020-09-26T13:05:51.950Z] >>> HTTP REQUEST POST https://firebasehosting.googleapis.com/v1beta1/sites/clone-amaze/versions/f9465e54b4fe469a:populateFiles  
 <request body omitted>
[debug] [2020-09-26T13:05:54.093Z] <<< HTTP RESPONSE 200 {"content-type":"application/json; charset=UTF-8","vary":"X-Origin, Referer, Origin,Accept-Encoding","date":"Sat, 26 Sep 2020 13:05:54 GMT","server":"ESF","cache-control":"private","x-xss-protection":"0","x-frame-options":"SAMEORIGIN","x-content-type-options":"nosniff","alt-svc":"h3-Q050=\":443\"; ma=2592000,h3-29=\":443\"; ma=2592000,h3-27=\":443\"; ma=2592000,h3-T051=\":443\"; ma=2592000,h3-T050=\":443\"; ma=2592000,h3-Q046=\":443\"; ma=2592000,h3-Q043=\":443\"; ma=2592000,quic=\":443\"; ma=2592000; v=\"46,43\"","accept-ranges":"none","transfer-encoding":"chunked"}
[debug] [2020-09-26T13:05:54.096Z] [hosting][populate queue][FINAL] {"max":2148,"min":2148,"avg":2148,"active":0,"complete":1,"success":1,"errored":0,"retried":0,"total":1,"elapsed":2148}
[debug] [2020-09-26T13:05:54.097Z] [hosting] uploads queued: 0
[debug] [2020-09-26T13:05:54.098Z] [hosting][upload queue][FINAL] {"max":0,"min":9999999999,"avg":0,"active":0,"complete":0,"success":0,"errored":0,"retried":0,"total":0,"elapsed":1601125554098}
[info] ✔  hosting[clone-amaze]: file upload complete 
[debug] [2020-09-26T13:05:54.101Z] [hosting] deploy completed after 2214ms
[info] i  functions: creating Node.js 8 (Deprecated) function ali(us-central1)... 
[debug] [2020-09-26T13:05:54.621Z] Trigger is:  {"httpsTrigger":{}}
[debug] [2020-09-26T13:05:54.631Z] >>> HTTP REQUEST POST https://cloudfunctions.googleapis.com/v1/projects/clone-amaze/locations/us-central1/functions  
 {"sourceUploadUrl":"https://storage.googleapis.com/gcf-upload-us-central1-6762fb17-8468-4b46-8d41-d5e76addfbe8/b6a52d07-4fdd-429e-a1d7-97641d3fe2f9.zip?GoogleAccessId=service-143531801921@gcf-admin-robot.iam.gserviceaccount.com&Expires=1601127350&Signature=cadN77TCGydyUg%2FcAo%2FB64t1%2FfzR2yxs7vj1tzbMCK1mXPCEoTS1T2Jb5aBTcx0ov2A1vZbYHw4CuousLzUHRIN0RIl7CgFqMsWqXL8q3PSj0%2FRRxBUFoRFVrxcYfqCjbt4M3prxTqT2ZJjnr%2FsURFgp0GxSRDn9CkRfHAtTriXIgyu48RIsa67MaCtxKkr5DDpiVy4m1XGpL0FYGyMm%2FUP8WfuXk4xFJl68oSddqI2Yn1jSHwjXFF6d2Eq5vz1j3dJ3HEy%2FMd6DPbBqKVLeRx7qYHFTDkkWnFnl8j5vcUMKYoAaTgXMEox%2Bjz%2BdKAil4%2B6PvHJrAMhiAsGyms0UOA%3D%3D","name":"projects/clone-amaze/locations/us-central1/functions/ali","entryPoint":"ali","labels":{"deployment-tool":"cli-firebase"},"runtime":"nodejs8","environmentVariables":{"FIREBASE_CONFIG":"{\"projectId\":\"clone-amaze\",\"databaseURL\":\"https://clone-amaze.firebaseio.com\",\"storageBucket\":\"clone-amaze.appspot.com\",\"locationId\":\"us-central\"}"},"httpsTrigger":{}}
[debug] [2020-09-26T13:05:56.287Z] <<< HTTP RESPONSE 200 {"content-type":"application/json; charset=UTF-8","vary":"X-Origin, Referer, Origin,Accept-Encoding","date":"Sat, 26 Sep 2020 13:05:56 GMT","server":"ESF","cache-control":"private","x-xss-protection":"0","x-frame-options":"SAMEORIGIN","x-content-type-options":"nosniff","alt-svc":"h3-Q050=\":443\"; ma=2592000,h3-29=\":443\"; ma=2592000,h3-27=\":443\"; ma=2592000,h3-T051=\":443\"; ma=2592000,h3-T050=\":443\"; ma=2592000,h3-Q046=\":443\"; ma=2592000,h3-Q043=\":443\"; ma=2592000,quic=\":443\"; ma=2592000; v=\"46,43\"","accept-ranges":"none","transfer-encoding":"chunked"}
[debug] [2020-09-26T13:05:56.289Z] Setting public policy for function ali
[debug] [2020-09-26T13:05:56.293Z] >>> HTTP REQUEST POST https://cloudfunctions.googleapis.com/v1/projects/clone-amaze/locations/us-central1/functions/ali:setIamPolicy  
 {"policy":{"version":3,"bindings":[{"role":"roles/cloudfunctions.invoker","members":["allUsers"]}]},"updateMask":"version,bindings"}
[debug] [2020-09-26T13:05:57.398Z] <<< HTTP RESPONSE 200 {"content-type":"application/json; charset=UTF-8","vary":"X-Origin, Referer, Origin,Accept-Encoding","date":"Sat, 26 Sep 2020 13:05:57 GMT","server":"ESF","cache-control":"private","x-xss-protection":"0","x-frame-options":"SAMEORIGIN","x-content-type-options":"nosniff","alt-svc":"h3-Q050=\":443\"; ma=2592000,h3-29=\":443\"; ma=2592000,h3-27=\":443\"; ma=2592000,h3-T051=\":443\"; ma=2592000,h3-T050=\":443\"; ma=2592000,h3-Q046=\":443\"; ma=2592000,h3-Q043=\":443\"; ma=2592000,quic=\":443\"; ma=2592000; v=\"46,43\"","accept-ranges":"none","transfer-encoding":"chunked"}
[debug] [2020-09-26T13:05:57.402Z] >>> HTTP REQUEST GET https://cloudfunctions.googleapis.com/v1/projects/clone-amaze/locations/-/functions  
 
[debug] [2020-09-26T13:05:58.406Z] <<< HTTP RESPONSE 200 {"content-type":"application/json; charset=UTF-8","vary":"X-Origin, Referer, Origin,Accept-Encoding","date":"Sat, 26 Sep 2020 13:05:58 GMT","server":"ESF","cache-control":"private","x-xss-protection":"0","x-frame-options":"SAMEORIGIN","x-content-type-options":"nosniff","alt-svc":"h3-Q050=\":443\"; ma=2592000,h3-29=\":443\"; ma=2592000,h3-27=\":443\"; ma=2592000,h3-T051=\":443\"; ma=2592000,h3-T050=\":443\"; ma=2592000,h3-Q046=\":443\"; ma=2592000,h3-Q043=\":443\"; ma=2592000,quic=\":443\"; ma=2592000; v=\"46,43\"","accept-ranges":"none","transfer-encoding":"chunked"}
[debug] [2020-09-26T13:05:58.412Z] >>> HTTP REQUEST GET https://cloudfunctions.googleapis.com/v1/operations/Y2xvbmUtYW1hemUvdXMtY2VudHJhbDEvYWxpL2lVOTFWbklyejhv  
 
[debug] [2020-09-26T13:05:59.445Z] <<< HTTP RESPONSE 200 {"content-type":"application/json; charset=UTF-8","vary":"X-Origin, Referer, Origin,Accept-Encoding","date":"Sat, 26 Sep 2020 13:05:59 GMT","server":"ESF","cache-control":"private","x-xss-protection":"0","x-frame-options":"SAMEORIGIN","x-content-type-options":"nosniff","alt-svc":"h3-Q050=\":443\"; ma=2592000,h3-29=\":443\"; ma=2592000,h3-27=\":443\"; ma=2592000,h3-T051=\":443\"; ma=2592000,h3-T050=\":443\"; ma=2592000,h3-Q046=\":443\"; ma=2592000,h3-Q043=\":443\"; ma=2592000,quic=\":443\"; ma=2592000; v=\"46,43\"","accept-ranges":"none","transfer-encoding":"chunked"}
[debug] [2020-09-26T13:06:01.448Z] >>> HTTP REQUEST GET https://cloudfunctions.googleapis.com/v1/operations/Y2xvbmUtYW1hemUvdXMtY2VudHJhbDEvYWxpL2lVOTFWbklyejhv  
 
[debug] [2020-09-26T13:06:02.529Z] <<< HTTP RESPONSE 200 {"content-type":"application/json; charset=UTF-8","vary":"X-Origin, Referer, Origin,Accept-Encoding","date":"Sat, 26 Sep 2020 13:06:02 GMT","server":"ESF","cache-control":"private","x-xss-protection":"0","x-frame-options":"SAMEORIGIN","x-content-type-options":"nosniff","alt-svc":"h3-Q050=\":443\"; ma=2592000,h3-29=\":443\"; ma=2592000,h3-27=\":443\"; ma=2592000,h3-T051=\":443\"; ma=2592000,h3-T050=\":443\"; ma=2592000,h3-Q046=\":443\"; ma=2592000,h3-Q043=\":443\"; ma=2592000,quic=\":443\"; ma=2592000; v=\"46,43\"","accept-ranges":"none","transfer-encoding":"chunked"}
[debug] [2020-09-26T13:06:04.534Z] >>> HTTP REQUEST GET https://cloudfunctions.googleapis.com/v1/operations/Y2xvbmUtYW1hemUvdXMtY2VudHJhbDEvYWxpL2lVOTFWbklyejhv  
 
[debug] [2020-09-26T13:06:05.711Z] <<< HTTP RESPONSE 200 {"content-type":"application/json; charset=UTF-8","vary":"X-Origin, Referer, Origin,Accept-Encoding","date":"Sat, 26 Sep 2020 13:06:05 GMT","server":"ESF","cache-control":"private","x-xss-protection":"0","x-frame-options":"SAMEORIGIN","x-content-type-options":"nosniff","alt-svc":"h3-Q050=\":443\"; ma=2592000,h3-29=\":443\"; ma=2592000,h3-27=\":443\"; ma=2592000,h3-T051=\":443\"; ma=2592000,h3-T050=\":443\"; ma=2592000,h3-Q046=\":443\"; ma=2592000,h3-Q043=\":443\"; ma=2592000,quic=\":443\"; ma=2592000; v=\"46,43\"","accept-ranges":"none","transfer-encoding":"chunked"}
[debug] [2020-09-26T13:06:07.716Z] >>> HTTP REQUEST GET https://cloudfunctions.googleapis.com/v1/operations/Y2xvbmUtYW1hemUvdXMtY2VudHJhbDEvYWxpL2lVOTFWbklyejhv  
 
[debug] [2020-09-26T13:06:08.616Z] <<< HTTP RESPONSE 200 {"content-type":"application/json; charset=UTF-8","vary":"X-Origin, Referer, Origin,Accept-Encoding","date":"Sat, 26 Sep 2020 13:06:08 GMT","server":"ESF","cache-control":"private","x-xss-protection":"0","x-frame-options":"SAMEORIGIN","x-content-type-options":"nosniff","alt-svc":"h3-Q050=\":443\"; ma=2592000,h3-29=\":443\"; ma=2592000,h3-27=\":443\"; ma=2592000,h3-T051=\":443\"; ma=2592000,h3-T050=\":443\"; ma=2592000,h3-Q046=\":443\"; ma=2592000,h3-Q043=\":443\"; ma=2592000,quic=\":443\"; ma=2592000; v=\"46,43\"","accept-ranges":"none","transfer-encoding":"chunked"}
[debug] [2020-09-26T13:06:10.621Z] >>> HTTP REQUEST GET https://cloudfunctions.googleapis.com/v1/operations/Y2xvbmUtYW1hemUvdXMtY2VudHJhbDEvYWxpL2lVOTFWbklyejhv  
 
[debug] [2020-09-26T13:06:11.617Z] <<< HTTP RESPONSE 200 {"content-type":"application/json; charset=UTF-8","vary":"X-Origin, Referer, Origin,Accept-Encoding","date":"Sat, 26 Sep 2020 13:06:11 GMT","server":"ESF","cache-control":"private","x-xss-protection":"0","x-frame-options":"SAMEORIGIN","x-content-type-options":"nosniff","alt-svc":"h3-Q050=\":443\"; ma=2592000,h3-29=\":443\"; ma=2592000,h3-27=\":443\"; ma=2592000,h3-T051=\":443\"; ma=2592000,h3-T050=\":443\"; ma=2592000,h3-Q046=\":443\"; ma=2592000,h3-Q043=\":443\"; ma=2592000,quic=\":443\"; ma=2592000; v=\"46,43\"","accept-ranges":"none","transfer-encoding":"chunked"}
[debug] [2020-09-26T13:06:13.621Z] >>> HTTP REQUEST GET https://cloudfunctions.googleapis.com/v1/operations/Y2xvbmUtYW1hemUvdXMtY2VudHJhbDEvYWxpL2lVOTFWbklyejhv  
 
[debug] [2020-09-26T13:06:14.381Z] <<< HTTP RESPONSE 200 {"content-type":"application/json; charset=UTF-8","vary":"X-Origin, Referer, Origin,Accept-Encoding","date":"Sat, 26 Sep 2020 13:06:14 GMT","server":"ESF","cache-control":"private","x-xss-protection":"0","x-frame-options":"SAMEORIGIN","x-content-type-options":"nosniff","alt-svc":"h3-Q050=\":443\"; ma=2592000,h3-29=\":443\"; ma=2592000,h3-27=\":443\"; ma=2592000,h3-T051=\":443\"; ma=2592000,h3-T050=\":443\"; ma=2592000,h3-Q046=\":443\"; ma=2592000,h3-Q043=\":443\"; ma=2592000,quic=\":443\"; ma=2592000; v=\"46,43\"","accept-ranges":"none","transfer-encoding":"chunked"}
[debug] [2020-09-26T13:06:16.386Z] >>> HTTP REQUEST GET https://cloudfunctions.googleapis.com/v1/operations/Y2xvbmUtYW1hemUvdXMtY2VudHJhbDEvYWxpL2lVOTFWbklyejhv  
 
[debug] [2020-09-26T13:06:17.180Z] <<< HTTP RESPONSE 200 {"content-type":"application/json; charset=UTF-8","vary":"X-Origin, Referer, Origin,Accept-Encoding","date":"Sat, 26 Sep 2020 13:06:17 GMT","server":"ESF","cache-control":"private","x-xss-protection":"0","x-frame-options":"SAMEORIGIN","x-content-type-options":"nosniff","alt-svc":"h3-Q050=\":443\"; ma=2592000,h3-29=\":443\"; ma=2592000,h3-27=\":443\"; ma=2592000,h3-T051=\":443\"; ma=2592000,h3-T050=\":443\"; ma=2592000,h3-Q046=\":443\"; ma=2592000,h3-Q043=\":443\"; ma=2592000,quic=\":443\"; ma=2592000; v=\"46,43\"","accept-ranges":"none","transfer-encoding":"chunked"}
[debug] [2020-09-26T13:06:19.199Z] >>> HTTP REQUEST GET https://cloudfunctions.googleapis.com/v1/operations/Y2xvbmUtYW1hemUvdXMtY2VudHJhbDEvYWxpL2lVOTFWbklyejhv  
 
[debug] [2020-09-26T13:06:19.917Z] <<< HTTP RESPONSE 200 {"content-type":"application/json; charset=UTF-8","vary":"X-Origin, Referer, Origin,Accept-Encoding","date":"Sat, 26 Sep 2020 13:06:20 GMT","server":"ESF","cache-control":"private","x-xss-protection":"0","x-frame-options":"SAMEORIGIN","x-content-type-options":"nosniff","alt-svc":"h3-Q050=\":443\"; ma=2592000,h3-29=\":443\"; ma=2592000,h3-27=\":443\"; ma=2592000,h3-T051=\":443\"; ma=2592000,h3-T050=\":443\"; ma=2592000,h3-Q046=\":443\"; ma=2592000,h3-Q043=\":443\"; ma=2592000,quic=\":443\"; ma=2592000; v=\"46,43\"","accept-ranges":"none","transfer-encoding":"chunked"}
[debug] [2020-09-26T13:06:21.922Z] >>> HTTP REQUEST GET https://cloudfunctions.googleapis.com/v1/operations/Y2xvbmUtYW1hemUvdXMtY2VudHJhbDEvYWxpL2lVOTFWbklyejhv  
 
[debug] [2020-09-26T13:06:22.820Z] <<< HTTP RESPONSE 200 {"content-type":"application/json; charset=UTF-8","vary":"X-Origin, Referer, Origin,Accept-Encoding","date":"Sat, 26 Sep 2020 13:06:22 GMT","server":"ESF","cache-control":"private","x-xss-protection":"0","x-frame-options":"SAMEORIGIN","x-content-type-options":"nosniff","alt-svc":"h3-Q050=\":443\"; ma=2592000,h3-29=\":443\"; ma=2592000,h3-27=\":443\"; ma=2592000,h3-T051=\":443\"; ma=2592000,h3-T050=\":443\"; ma=2592000,h3-Q046=\":443\"; ma=2592000,h3-Q043=\":443\"; ma=2592000,quic=\":443\"; ma=2592000; v=\"46,43\"","accept-ranges":"none","transfer-encoding":"chunked"}
